{
  "uid" : "5489c2cf00634df3",
  "name" : "test_conformity[yandex-Test campain-400-999.99-25.10.2010-30.12.2010]",
  "fullName" : "tests_vkr.generator.test_conformity#test_conformity",
  "historyId" : "f5314a0dbb8ef5ebd6861cc56737efce",
  "time" : {
    "start" : 1651542486622,
    "stop" : 1651542486637,
    "duration" : 15
  },
  "status" : "failed",
  "statusMessage" : "AssertionError: assert 991.22 == 999.99\n +  where 991.22 = round(991.2200000000004, 2)\n +  and   999.99 = round(999.9900000000001, 2)",
  "statusTrace" : "start_date = '25.10.2010', end_date = '30.12.2010', name = 'Test campain'\nsource = 'yandex', clicks = 400, profit = 999.99\n\n    @allure.feature('CRM_ADV')\n    @allure.story('Test compliance of the report and the advertising company')\n    @pytest.mark.parametrize('end_date', ['30.12.2010', '30.11.2010'])\n    @pytest.mark.parametrize('start_date', ['25.10.2010', '30.10.2010'])\n    @pytest.mark.parametrize('profit', [999.99, 7777, 2, 1.5, 44.78])\n    @pytest.mark.parametrize('clicks', [9999, 89898, 1400, 5432, 400])\n    @pytest.mark.parametrize('name', ['Test campain'])\n    @pytest.mark.parametrize('source', ['yandex'])\n    def test_conformity(start_date, end_date, name, source, clicks, profit):\n        crm_report = CrmReport(\n            start_date=start_date,\n            end_date=end_date,\n            config=(AdvContextCRM(source, name, profit, clicks), ))\n        adv_ = AdvCampaign(\n            name=name,\n            start_date=start_date,\n            end_date=end_date,\n            sum_cost=profit,\n            source=source,\n            allocation=crm_report.allocation[(source, name)])\n    \n        crm = crm_report.get_an_idea()\n        adv = adv_.campaign\n        sum_cost = 0\n        sum_profit = 0\n        for c, a in zip(crm, adv):\n            assert crm[c][0] == a.clicks\n            if a.clicks == 0:\n                assert crm[c][4] == 0\n            sum_cost += a.cost\n            sum_profit += crm[c][4]\n    \n>       assert round(sum_cost, 2) == round(sum_profit, 2)\nE       assert 991.22 == 999.99\nE        +  where 991.22 = round(991.2200000000004, 2)\nE        +  and   999.99 = round(999.9900000000001, 2)\n\ntests_vkr/generator/test_conformity.py:40: AssertionError",
  "flaky" : false,
  "newFailed" : false,
  "beforeStages" : [ ],
  "afterStages" : [ ],
  "labels" : [ {
    "name" : "story",
    "value" : "Test compliance of the report and the advertising company"
  }, {
    "name" : "feature",
    "value" : "CRM_ADV"
  }, {
    "name" : "parentSuite",
    "value" : "tests_vkr.generator"
  }, {
    "name" : "suite",
    "value" : "test_conformity"
  }, {
    "name" : "host",
    "value" : "fv-az39-289"
  }, {
    "name" : "thread",
    "value" : "2247-MainThread"
  }, {
    "name" : "framework",
    "value" : "pytest"
  }, {
    "name" : "language",
    "value" : "cpython3"
  }, {
    "name" : "package",
    "value" : "tests_vkr.generator.test_conformity"
  }, {
    "name" : "resultFormat",
    "value" : "allure2"
  } ],
  "parameters" : [ {
    "name" : "clicks",
    "value" : "400"
  }, {
    "name" : "end_date",
    "value" : "'30.12.2010'"
  }, {
    "name" : "name",
    "value" : "'Test campain'"
  }, {
    "name" : "profit",
    "value" : "999.99"
  }, {
    "name" : "source",
    "value" : "'yandex'"
  }, {
    "name" : "start_date",
    "value" : "'25.10.2010'"
  } ],
  "links" : [ ],
  "hidden" : false,
  "retry" : false,
  "extra" : {
    "severity" : "normal",
    "retries" : [ ],
    "categories" : [ {
      "name" : "Product defects",
      "matchedStatuses" : [ ],
      "flaky" : false
    } ],
    "tags" : [ ]
  },
  "source" : "5489c2cf00634df3.json",
  "parameterValues" : [ "400", "'30.12.2010'", "'Test campain'", "999.99", "'yandex'", "'25.10.2010'" ]
}